<?xml version="1.0" encoding="UTF-8"?>
<!-- Generated by org.testng.reporters.JUnitReportReporter -->
<testsuite hostname="DESKTOP-VCIDOD6" failures="0" tests="1" name="dev.djob.id.TestSolver" time="1.723" errors="0" timestamp="2024-01-25T17:04:20 CET" skipped="0">
  <testcase classname="dev.djob.id.TestSolver" name="buildTestSolver" time="1.723"/>
  <system-out/>
</testsuite> <!-- dev.djob.id.TestSolver -->
