<?xml version="1.0" encoding="UTF-8"?>
<!-- Generated by org.testng.reporters.JUnitReportReporter -->
<testsuite hostname="DESKTOP-VCIDOD6" failures="0" tests="1" name="dev.djob.id.AppTest" time="0.006" errors="0" timestamp="2024-01-25T18:52:20 CET" skipped="0">
  <testcase classname="dev.djob.id.AppTest" name="shouldAnswerWithTrue" time="0.006"/>
  <system-out/>
</testsuite> <!-- dev.djob.id.AppTest -->
